This is pdfTeX, Version 3.1415926-2.5-1.40.14 (TeX Live 2013/Debian) (format=pdflatex 2014.2.20)  20 FEB 2014 17:09
entering extended mode
 restricted \write18 enabled.
 file:line:error style messages enabled.
 %&-line parsing enabled.
**intro.tex
(./intro.tex
LaTeX2e <2011/06/27>
Babel <3.9f> and hyphenation patterns for 2 languages loaded.

./intro.tex:1: LaTeX Error: Missing \begin{document}.

See the LaTeX manual or LaTeX Companion for explanation.
Type  H <return>  for immediate help.
 ...                                              
                                                  
l.1 `
     `rmt'' or Ross's Monitoring Tool is a network monitoring tool
? 
./intro.tex:1: Emergency stop.
 ...                                              
                                                  
l.1 `
     `rmt'' or Ross's Monitoring Tool is a network monitoring tool
You're in trouble here.  Try typing  <return>  to proceed.
If that doesn't work, type  X <return>  to quit.

 
Here is how much of TeX's memory you used:
 6 strings out of 495031
 258 string characters out of 6181531
 45720 words of memory out of 5000000
 3312 multiletter control sequences out of 15000+600000
 3640 words of font info for 14 fonts, out of 8000000 for 9000
 14 hyphenation exceptions out of 8191
 5i,0n,4p,75b,14s stack positions out of 5000i,500n,10000p,200000b,80000s
./intro.tex:1:  ==> Fatal error occurred, no output PDF file produced!
